<?xml version="1.0" encoding="UTF-8"?>
<testsuite xmlns:xsi="http://www.w3.org/2001/XMLSchema-instance" xsi:noNamespaceSchemaLocation="https://maven.apache.org/surefire/maven-surefire-plugin/xsd/surefire-test-report.xsd" name="se.kth.IV1350.model.SaleTest" time="0.004" tests="6" errors="0" skipped="0" failures="0">
  <properties>
[...]
</properties>
  <testcase name="testAddExistingItemToSale" classname="se.kth.IV1350.model.SaleTest" time="0"/>
  <testcase name="testEndSaleSuccess" classname="se.kth.IV1350.model.SaleTest" time="0.001"/>
  <testcase name="applyTotalDiscountFail" classname="se.kth.IV1350.model.SaleTest" time="0"/>
  <testcase name="testEndSaleFail" classname="se.kth.IV1350.model.SaleTest" time="0.001"/>
  <testcase name="applyTotalDiscountSuccess" classname="se.kth.IV1350.model.SaleTest" time="0"/>
  <testcase name="testAddNewItemToSale" classname="se.kth.IV1350.model.SaleTest" time="0"/>
</testsuite>